{
  "stats": {
    "suites": 1,
    "tests": 4,
    "passes": 4,
    "pending": 0,
    "failures": 0,
    "start": "2026-04-05T20:13:12.147Z",
    "end": "2026-04-05T20:13:15.812Z",
    "duration": 3665,
    "testsRegistered": 4,
    "passPercent": 100,
    "pendingPercent": 0,
    "other": 0,
    "hasOther": false,
    "skipped": 0,
    "hasSkipped": false
  },
  "results": [
    {
      "uuid": "721854fc-5541-4eef-ad77-892730f3fa90",
      "title": "",
      "fullFile": "cypress\\e2e\\api\\dog_api.cy.js",
      "file": "cypress\\e2e\\api\\dog_api.cy.js",
      "beforeHooks": [],
      "afterHooks": [],
      "tests": [],
      "suites": [
        {
          "uuid": "8ed133aa-5272-4608-85e3-5f20cdf8cd20",
          "title": "Dog API - Testes",
          "fullFile": "",
          "file": "",
          "beforeHooks": [],
          "afterHooks": [],
          "tests": [
            {
              "title": "Deve listar todas as raças",
              "fullTitle": "Dog API - Testes Deve listar todas as raças",
              "timedOut": null,
              "duration": 346,
              "state": "passed",
              "speed": "fast",
              "pass": true,
              "fail": false,
              "pending": false,
              "context": null,
              "code": "cy.request('/breeds/list/all').then(response => {\n  expect(response.status).to.eq(200);\n  expect(response.body.status).to.eq('success');\n  expect(response.body.message).to.be.an('object');\n  // valida se tem alguma raça conhecida\n  expect(response.body.message).to.have.property('bulldog');\n});",
              "err": {},
              "uuid": "40db4a24-95d8-43b7-bc7b-17900d5f0821",
              "parentUUID": "8ed133aa-5272-4608-85e3-5f20cdf8cd20",
              "isHook": false,
              "skipped": false
            },
            {
              "title": "Deve retornar imagens da raça hound",
              "fullTitle": "Dog API - Testes Deve retornar imagens da raça hound",
              "timedOut": null,
              "duration": 251,
              "state": "passed",
              "speed": "fast",
              "pass": true,
              "fail": false,
              "pending": false,
              "context": null,
              "code": "cy.request('/breed/hound/images').then(response => {\n  expect(response.status).to.eq(200);\n  expect(response.body.status).to.eq('success');\n  expect(response.body.message).to.be.an('array');\n  // valida se retornou imagens\n  expect(response.body.message.length).to.be.greaterThan(0);\n  // valida formato da URL\n  expect(response.body.message[0]).to.include('https://');\n});",
              "err": {},
              "uuid": "af5ccdc8-b8ff-4ae5-be4c-3b6068e1024c",
              "parentUUID": "8ed133aa-5272-4608-85e3-5f20cdf8cd20",
              "isHook": false,
              "skipped": false
            },
            {
              "title": "Deve retornar uma imagem aleatória",
              "fullTitle": "Dog API - Testes Deve retornar uma imagem aleatória",
              "timedOut": null,
              "duration": 2738,
              "state": "passed",
              "speed": "fast",
              "pass": true,
              "fail": false,
              "pending": false,
              "context": null,
              "code": "cy.request('/breeds/image/random').then(response => {\n  expect(response.status).to.eq(200);\n  expect(response.body.status).to.eq('success');\n  expect(response.body.message).to.be.a('string');\n  expect(response.body.message).to.include('https://');\n});",
              "err": {},
              "uuid": "8bc96401-1c1f-4993-8223-a5e550bdb9d1",
              "parentUUID": "8ed133aa-5272-4608-85e3-5f20cdf8cd20",
              "isHook": false,
              "skipped": false
            },
            {
              "title": "Deve retornar erro para raça inválida",
              "fullTitle": "Dog API - Testes Deve retornar erro para raça inválida",
              "timedOut": null,
              "duration": 268,
              "state": "passed",
              "speed": "fast",
              "pass": true,
              "fail": false,
              "pending": false,
              "context": null,
              "code": "cy.request({\n  url: '/breed/invalidbreed/images',\n  failOnStatusCode: false\n}).then(response => {\n  expect(response.status).to.eq(404);\n  expect(response.body.status).to.eq('error');\n});",
              "err": {},
              "uuid": "29072c8a-2b92-4c94-8b91-ac010aab6031",
              "parentUUID": "8ed133aa-5272-4608-85e3-5f20cdf8cd20",
              "isHook": false,
              "skipped": false
            }
          ],
          "suites": [],
          "passes": [
            "40db4a24-95d8-43b7-bc7b-17900d5f0821",
            "af5ccdc8-b8ff-4ae5-be4c-3b6068e1024c",
            "8bc96401-1c1f-4993-8223-a5e550bdb9d1",
            "29072c8a-2b92-4c94-8b91-ac010aab6031"
          ],
          "failures": [],
          "pending": [],
          "skipped": [],
          "duration": 3603,
          "root": false,
          "rootEmpty": false,
          "_timeout": 2000
        }
      ],
      "passes": [],
      "failures": [],
      "pending": [],
      "skipped": [],
      "duration": 0,
      "root": true,
      "rootEmpty": true,
      "_timeout": 2000
    }
  ],
  "meta": {
    "mocha": {
      "version": "7.0.1"
    },
    "mochawesome": {
      "options": {
        "quiet": false,
        "reportFilename": "mochawesome",
        "saveHtml": true,
        "saveJson": true,
        "consoleReporter": "spec",
        "useInlineDiffs": false,
        "code": true
      },
      "version": "7.1.4"
    },
    "marge": {
      "options": {
        "reportDir": "cypress/reports",
        "overwrite": false,
        "html": true,
        "json": true
      },
      "version": "6.3.2"
    }
  }
}