{
  "stats": {
    "suites": 1,
    "tests": 4,
    "passes": 4,
    "pending": 0,
    "failures": 0,
    "start": "2026-04-05T20:46:47.548Z",
    "end": "2026-04-05T20:46:51.274Z",
    "duration": 3726,
    "testsRegistered": 4,
    "passPercent": 100,
    "pendingPercent": 0,
    "other": 0,
    "hasOther": false,
    "skipped": 0,
    "hasSkipped": false
  },
  "results": [
    {
      "uuid": "1f931586-5bc5-4e6d-905e-76975cdeb18f",
      "title": "",
      "fullFile": "cypress\\e2e\\api\\dog_api.cy.js",
      "file": "cypress\\e2e\\api\\dog_api.cy.js",
      "beforeHooks": [],
      "afterHooks": [],
      "tests": [],
      "suites": [
        {
          "uuid": "e6d807bd-11be-4a89-840c-4bab059b8119",
          "title": "Dog API - Testes",
          "fullFile": "",
          "file": "",
          "beforeHooks": [],
          "afterHooks": [],
          "tests": [
            {
              "title": "Deve listar todas as raças",
              "fullTitle": "Dog API - Testes Deve listar todas as raças",
              "timedOut": null,
              "duration": 332,
              "state": "passed",
              "speed": "fast",
              "pass": true,
              "fail": false,
              "pending": false,
              "context": null,
              "code": "cy.request('/breeds/list/all').then(response => {\n  expect(response.status).to.eq(200);\n  expect(response.body.status).to.eq('success');\n  expect(response.body.message).to.be.an('object');\n  // valida se tem alguma raça conhecida\n  expect(response.body.message).to.have.property('bulldog');\n});",
              "err": {},
              "uuid": "385a17e2-88c9-4e6d-b130-83fb56aeea11",
              "parentUUID": "e6d807bd-11be-4a89-840c-4bab059b8119",
              "isHook": false,
              "skipped": false
            },
            {
              "title": "Deve retornar imagens da raça hound",
              "fullTitle": "Dog API - Testes Deve retornar imagens da raça hound",
              "timedOut": null,
              "duration": 506,
              "state": "passed",
              "speed": "fast",
              "pass": true,
              "fail": false,
              "pending": false,
              "context": null,
              "code": "cy.request('/breed/hound/images').then(response => {\n  expect(response.status).to.eq(200);\n  expect(response.body.status).to.eq('success');\n  expect(response.body.message).to.be.an('array');\n  // valida se retornou imagens\n  expect(response.body.message.length).to.be.greaterThan(0);\n  // valida formato da URL\n  expect(response.body.message[0]).to.include('https://');\n});",
              "err": {},
              "uuid": "96d9f003-8ca9-4799-971e-4f5a9f59dd10",
              "parentUUID": "e6d807bd-11be-4a89-840c-4bab059b8119",
              "isHook": false,
              "skipped": false
            },
            {
              "title": "Deve retornar uma imagem aleatória",
              "fullTitle": "Dog API - Testes Deve retornar uma imagem aleatória",
              "timedOut": null,
              "duration": 2604,
              "state": "passed",
              "speed": "fast",
              "pass": true,
              "fail": false,
              "pending": false,
              "context": null,
              "code": "cy.request('/breeds/image/random').then(response => {\n  expect(response.status).to.eq(200);\n  expect(response.body.status).to.eq('success');\n  expect(response.body.message).to.be.a('string');\n  expect(response.body.message).to.include('https://');\n});",
              "err": {},
              "uuid": "bccc4926-8dbf-4669-b176-82446c3289cb",
              "parentUUID": "e6d807bd-11be-4a89-840c-4bab059b8119",
              "isHook": false,
              "skipped": false
            },
            {
              "title": "Deve retornar erro para raça inválida",
              "fullTitle": "Dog API - Testes Deve retornar erro para raça inválida",
              "timedOut": null,
              "duration": 225,
              "state": "passed",
              "speed": "fast",
              "pass": true,
              "fail": false,
              "pending": false,
              "context": null,
              "code": "cy.request({\n  url: '/breed/invalidbreed/images',\n  failOnStatusCode: false\n}).then(response => {\n  expect(response.status).to.eq(404);\n  expect(response.body.status).to.eq('error');\n});",
              "err": {},
              "uuid": "74c37497-f03f-4b4f-9671-3805fb4611df",
              "parentUUID": "e6d807bd-11be-4a89-840c-4bab059b8119",
              "isHook": false,
              "skipped": false
            }
          ],
          "suites": [],
          "passes": [
            "385a17e2-88c9-4e6d-b130-83fb56aeea11",
            "96d9f003-8ca9-4799-971e-4f5a9f59dd10",
            "bccc4926-8dbf-4669-b176-82446c3289cb",
            "74c37497-f03f-4b4f-9671-3805fb4611df"
          ],
          "failures": [],
          "pending": [],
          "skipped": [],
          "duration": 3667,
          "root": false,
          "rootEmpty": false,
          "_timeout": 2000
        }
      ],
      "passes": [],
      "failures": [],
      "pending": [],
      "skipped": [],
      "duration": 0,
      "root": true,
      "rootEmpty": true,
      "_timeout": 2000
    }
  ],
  "meta": {
    "mocha": {
      "version": "7.0.1"
    },
    "mochawesome": {
      "options": {
        "quiet": false,
        "reportFilename": "mochawesome",
        "saveHtml": true,
        "saveJson": true,
        "consoleReporter": "spec",
        "useInlineDiffs": false,
        "code": true
      },
      "version": "7.1.4"
    },
    "marge": {
      "options": {
        "reportDir": "cypress/reports",
        "overwrite": false,
        "html": true,
        "json": true
      },
      "version": "6.3.2"
    }
  }
}